[2026-03-06 08:32:31] 开始执行 Git 自动提交和备份任务
[2026-03-06 08:32:32] 已提交 76 个文件：自动提交 2026-03-06 08:32:31 (76 个文件)
[2026-03-06 08:32:32] 创建备份：/root/.openclaw/backups/workspace-backup-20260306-083232.tar.gz (152K)
[2026-03-06 08:32:32] 工作报告已生成：/root/.openclaw/workspace/memory/last-git-report.md
[2026-03-06 08:32:32] 任务执行完成
[2026-03-06 14:32:32] 开始执行 Git 自动提交和备份任务
[2026-03-06 14:32:32] 已提交 79 个文件：自动提交 2026-03-06 14:32:32 (79 个文件)
[2026-03-06 14:32:32] 创建备份：/root/.openclaw/backups/workspace-backup-20260306-143232.tar.gz (156K)
[2026-03-06 14:32:32] 工作报告已生成：/root/.openclaw/workspace/memory/last-git-report.md
[2026-03-06 14:32:32] 任务执行完成
[2026-03-06 20:32:32] 开始执行 Git 自动提交和备份任务
[2026-03-06 20:32:32] 已提交 79 个文件：自动提交 2026-03-06 20:32:32 (79 个文件)
[2026-03-06 20:32:32] 创建备份：/root/.openclaw/backups/workspace-backup-20260306-203232.tar.gz (156K)
[2026-03-06 20:32:32] 工作报告已生成：/root/.openclaw/workspace/memory/last-git-report.md
[2026-03-06 20:32:32] 任务执行完成
[2026-03-07 02:32:32] 开始执行 Git 自动提交和备份任务
[2026-03-07 02:32:32] 已提交 84 个文件：自动提交 2026-03-07 02:32:32 (84 个文件)
[2026-03-07 02:32:32] 创建备份：/root/.openclaw/backups/workspace-backup-20260307-023232.tar.gz (176K)
[2026-03-07 02:32:32] 工作报告已生成：/root/.openclaw/workspace/memory/last-git-report.md
[2026-03-07 02:32:32] 任务执行完成
[2026-03-07 08:32:31] 开始执行 Git 自动提交和备份任务
[2026-03-07 08:32:31] 已提交 84 个文件：自动提交 2026-03-07 08:32:31 (84 个文件)
[2026-03-07 08:32:31] 创建备份：/root/.openclaw/backups/workspace-backup-20260307-083231.tar.gz (176K)
[2026-03-07 08:32:31] 工作报告已生成：/root/.openclaw/workspace/memory/last-git-report.md
[2026-03-07 08:32:31] 任务执行完成
[2026-03-07 14:32:32] 开始执行 Git 自动提交和备份任务
[2026-03-07 14:32:32] 已提交 86 个文件：自动提交 2026-03-07 14:32:32 (86 个文件)
[2026-03-07 14:32:32] 创建备份：/root/.openclaw/backups/workspace-backup-20260307-143232.tar.gz (180K)
[2026-03-07 14:32:32] 工作报告已生成：/root/.openclaw/workspace/memory/last-git-report.md
[2026-03-07 14:32:32] 任务执行完成
[2026-03-07 20:32:32] 开始执行 Git 自动提交和备份任务
[2026-03-07 20:32:32] 已提交 86 个文件：自动提交 2026-03-07 20:32:32 (86 个文件)
[2026-03-07 20:32:32] 创建备份：/root/.openclaw/backups/workspace-backup-20260307-203232.tar.gz (180K)
[2026-03-07 20:32:32] 工作报告已生成：/root/.openclaw/workspace/memory/last-git-report.md
[2026-03-07 20:32:32] 任务执行完成
[2026-03-08 02:32:32] 开始执行 Git 自动提交和备份任务
[2026-03-08 02:32:32] 已提交 86 个文件：自动提交 2026-03-08 02:32:32 (86 个文件)
[2026-03-08 02:32:32] 创建备份：/root/.openclaw/backups/workspace-backup-20260308-023232.tar.gz (180K)
[2026-03-08 02:32:32] 工作报告已生成：/root/.openclaw/workspace/memory/last-git-report.md
[2026-03-08 02:32:32] 任务执行完成
[2026-03-08 08:32:34] 开始执行 Git 自动提交和备份任务
[2026-03-08 08:32:34] 已提交 86 个文件：自动提交 2026-03-08 08:32:34 (86 个文件)
[2026-03-08 08:32:34] 创建备份：/root/.openclaw/backups/workspace-backup-20260308-083234.tar.gz (180K)
[2026-03-08 08:32:34] 工作报告已生成：/root/.openclaw/workspace/memory/last-git-report.md
[2026-03-08 08:32:34] 任务执行完成
[2026-03-08 14:32:32] 开始执行 Git 自动提交和备份任务
[2026-03-08 14:32:32] 已提交 86 个文件：自动提交 2026-03-08 14:32:32 (86 个文件)
[2026-03-08 14:32:32] 创建备份：/root/.openclaw/backups/workspace-backup-20260308-143232.tar.gz (180K)
[2026-03-08 14:32:32] 工作报告已生成：/root/.openclaw/workspace/memory/last-git-report.md
[2026-03-08 14:32:32] 任务执行完成
[2026-03-08 20:32:32] 开始执行 Git 自动提交和备份任务
[2026-03-08 20:32:32] 已提交 86 个文件：自动提交 2026-03-08 20:32:32 (86 个文件)
[2026-03-08 20:32:32] 创建备份：/root/.openclaw/backups/workspace-backup-20260308-203232.tar.gz (180K)
[2026-03-08 20:32:32] 工作报告已生成：/root/.openclaw/workspace/memory/last-git-report.md
[2026-03-08 20:32:32] 任务执行完成
[2026-03-09 02:32:32] 开始执行 Git 自动提交和备份任务
[2026-03-09 02:32:32] 已提交 86 个文件：自动提交 2026-03-09 02:32:32 (86 个文件)
[2026-03-09 02:32:32] 创建备份：/root/.openclaw/backups/workspace-backup-20260309-023232.tar.gz (180K)
[2026-03-09 02:32:32] 工作报告已生成：/root/.openclaw/workspace/memory/last-git-report.md
[2026-03-09 02:32:32] 任务执行完成
[2026-03-09 08:32:33] 开始执行 Git 自动提交和备份任务
[2026-03-09 08:32:33] 已提交 86 个文件：自动提交 2026-03-09 08:32:33 (86 个文件)
[2026-03-09 08:32:33] 创建备份：/root/.openclaw/backups/workspace-backup-20260309-083233.tar.gz (180K)
[2026-03-09 08:32:33] 工作报告已生成：/root/.openclaw/workspace/memory/last-git-report.md
[2026-03-09 08:32:33] 任务执行完成
[2026-03-09 14:32:32] 开始执行 Git 自动提交和备份任务
[2026-03-09 14:32:32] 已提交 91 个文件：自动提交 2026-03-09 14:32:32 (91 个文件)
[2026-03-09 14:32:32] 创建备份：/root/.openclaw/backups/workspace-backup-20260309-143232.tar.gz (188K)
[2026-03-09 14:32:32] 工作报告已生成：/root/.openclaw/workspace/memory/last-git-report.md
[2026-03-09 14:32:32] 任务执行完成
[2026-03-09 20:32:32] 开始执行 Git 自动提交和备份任务
[2026-03-09 20:32:32] 已提交 99 个文件：自动提交 2026-03-09 20:32:32 (99 个文件)
[2026-03-09 20:32:32] 创建备份：/root/.openclaw/backups/workspace-backup-20260309-203232.tar.gz (224K)
[2026-03-09 20:32:32] 工作报告已生成：/root/.openclaw/workspace/memory/last-git-report.md
[2026-03-09 20:32:32] 任务执行完成
[2026-03-10 02:32:32] 开始执行 Git 自动提交和备份任务
[2026-03-10 02:32:32] 已提交 99 个文件：自动提交 2026-03-10 02:32:32 (99 个文件)
[2026-03-10 02:32:32] 创建备份：/root/.openclaw/backups/workspace-backup-20260310-023232.tar.gz (224K)
[2026-03-10 02:32:32] 工作报告已生成：/root/.openclaw/workspace/memory/last-git-report.md
[2026-03-10 02:32:32] 任务执行完成
[2026-03-10 08:32:32] 开始执行 Git 自动提交和备份任务
[2026-03-10 08:32:32] 已提交 99 个文件：自动提交 2026-03-10 08:32:32 (99 个文件)
[2026-03-10 08:32:32] 创建备份：/root/.openclaw/backups/workspace-backup-20260310-083232.tar.gz (224K)
[2026-03-10 08:32:32] 工作报告已生成：/root/.openclaw/workspace/memory/last-git-report.md
[2026-03-10 08:32:32] 任务执行完成
[2026-03-10 14:32:33] 开始执行 Git 自动提交和备份任务
[2026-03-10 14:32:33] 已提交 99 个文件：自动提交 2026-03-10 14:32:33 (99 个文件)
[2026-03-10 14:32:33] 创建备份：/root/.openclaw/backups/workspace-backup-20260310-143233.tar.gz (224K)
[2026-03-10 14:32:33] 工作报告已生成：/root/.openclaw/workspace/memory/last-git-report.md
[2026-03-10 14:32:33] 任务执行完成
[2026-03-10 20:32:32] 开始执行 Git 自动提交和备份任务
[2026-03-10 20:32:32] 已提交 99 个文件：自动提交 2026-03-10 20:32:32 (99 个文件)
[2026-03-10 20:32:32] 创建备份：/root/.openclaw/backups/workspace-backup-20260310-203232.tar.gz (224K)
[2026-03-10 20:32:32] 工作报告已生成：/root/.openclaw/workspace/memory/last-git-report.md
[2026-03-10 20:32:32] 任务执行完成
[2026-03-11 02:32:32] 开始执行 Git 自动提交和备份任务
[2026-03-11 02:32:32] 已提交 99 个文件：自动提交 2026-03-11 02:32:32 (99 个文件)
[2026-03-11 02:32:32] 创建备份：/root/.openclaw/backups/workspace-backup-20260311-023232.tar.gz (224K)
[2026-03-11 02:32:32] 工作报告已生成：/root/.openclaw/workspace/memory/last-git-report.md
[2026-03-11 02:32:32] 任务执行完成
[2026-03-11 08:32:32] 开始执行 Git 自动提交和备份任务
[2026-03-11 08:32:32] 已提交 99 个文件：自动提交 2026-03-11 08:32:32 (99 个文件)
[2026-03-11 08:32:32] 创建备份：/root/.openclaw/backups/workspace-backup-20260311-083232.tar.gz (224K)
[2026-03-11 08:32:32] 工作报告已生成：/root/.openclaw/workspace/memory/last-git-report.md
[2026-03-11 08:32:32] 任务执行完成
[2026-03-11 14:32:32] 开始执行 Git 自动提交和备份任务
[2026-03-11 14:32:32] 已提交 99 个文件：自动提交 2026-03-11 14:32:32 (99 个文件)
[2026-03-11 14:32:32] 创建备份：/root/.openclaw/backups/workspace-backup-20260311-143232.tar.gz (224K)
[2026-03-11 14:32:32] 工作报告已生成：/root/.openclaw/workspace/memory/last-git-report.md
[2026-03-11 14:32:32] 任务执行完成
[2026-03-11 20:32:32] 开始执行 Git 自动提交和备份任务
[2026-03-11 20:32:32] 已提交 99 个文件：自动提交 2026-03-11 20:32:32 (99 个文件)
[2026-03-11 20:32:32] 创建备份：/root/.openclaw/backups/workspace-backup-20260311-203232.tar.gz (224K)
[2026-03-11 20:32:32] 工作报告已生成：/root/.openclaw/workspace/memory/last-git-report.md
[2026-03-11 20:32:32] 任务执行完成
[2026-03-12 02:32:32] 开始执行 Git 自动提交和备份任务
[2026-03-12 02:32:32] 已提交 2 个文件：自动提交 2026-03-12 02:32:32 (2 个文件)
[2026-03-12 02:32:32] 创建备份：/root/.openclaw/backups/workspace-backup-20260312-023232.tar.gz (228K)
[2026-03-12 02:32:32] 工作报告已生成：/root/.openclaw/workspace/memory/last-git-report.md
[2026-03-12 02:32:32] 任务执行完成
[2026-03-12 08:32:33] 开始执行 Git 自动提交和备份任务
[2026-03-12 08:32:33] 已提交 3 个文件：自动提交 2026-03-12 08:32:33 (3 个文件)
[2026-03-12 08:32:33] 创建备份：/root/.openclaw/backups/workspace-backup-20260312-083233.tar.gz (228K)
[2026-03-12 08:32:33] 工作报告已生成：/root/.openclaw/workspace/memory/last-git-report.md
[2026-03-12 08:32:33] 任务执行完成
[2026-03-12 14:32:32] 开始执行 Git 自动提交和备份任务
[2026-03-12 14:32:33] 推送失败（可能需要配置远程仓库）
[2026-03-12 14:32:33] 已提交 1 个文件：自动提交 2026-03-12 14:32:32 (1 个文件)
[2026-03-12 14:32:33] 创建备份：/root/.openclaw/backups/workspace-backup-20260312-143233.tar.gz (472K)
[2026-03-12 14:32:33] 工作报告已生成：/root/.openclaw/workspace/memory/last-git-report.md
[2026-03-12 14:32:33] 任务执行完成
[2026-03-12 20:32:34] 开始执行 Git 自动提交和备份任务
[2026-03-12 20:32:35] 推送失败（可能需要配置远程仓库）
[2026-03-12 20:32:35] 已提交 2 个文件：自动提交 2026-03-12 20:32:34 (2 个文件)
[2026-03-12 20:32:35] 创建备份：/root/.openclaw/backups/workspace-backup-20260312-203235.tar.gz (472K)
[2026-03-12 20:32:35] 工作报告已生成：/root/.openclaw/workspace/memory/last-git-report.md
[2026-03-12 20:32:35] 任务执行完成
[2026-03-13 02:32:33] 开始执行 Git 自动提交和备份任务
[2026-03-13 02:32:34] 推送失败（可能需要配置远程仓库）
[2026-03-13 02:32:34] 已提交 2 个文件：自动提交 2026-03-13 02:32:33 (2 个文件)
[2026-03-13 02:32:34] 创建备份：/root/.openclaw/backups/workspace-backup-20260313-023234.tar.gz (472K)
[2026-03-13 02:32:34] 工作报告已生成：/root/.openclaw/workspace/memory/last-git-report.md
[2026-03-13 02:32:34] 任务执行完成
[2026-03-13 08:32:32] 开始执行 Git 自动提交和备份任务
[2026-03-13 08:32:33] 推送失败（可能需要配置远程仓库）
[2026-03-13 08:32:33] 已提交 2 个文件：自动提交 2026-03-13 08:32:32 (2 个文件)
[2026-03-13 08:32:34] 创建备份：/root/.openclaw/backups/workspace-backup-20260313-083233.tar.gz (472K)
[2026-03-13 08:32:34] 工作报告已生成：/root/.openclaw/workspace/memory/last-git-report.md
[2026-03-13 08:32:34] 任务执行完成
[2026-03-13 14:33:13] 开始执行 Git 自动提交和备份任务
[2026-03-13 14:33:13] 推送失败（可能需要配置远程仓库）
[2026-03-13 14:33:13] 已提交 44 个文件：自动提交 2026-03-13 14:33:13 (44 个文件)
[2026-03-13 14:33:13] 创建备份：/root/.openclaw/backups/workspace-backup-20260313-143313.tar.gz (1.1M)
[2026-03-13 14:33:13] 工作报告已生成：/root/.openclaw/workspace/memory/last-git-report.md
[2026-03-13 14:33:13] 任务执行完成
[2026-03-13 20:32:32] 开始执行 Git 自动提交和备份任务
[2026-03-13 20:32:32] 推送失败（可能需要配置远程仓库）
[2026-03-13 20:32:32] 已提交 47 个文件：自动提交 2026-03-13 20:32:32 (47 个文件)
[2026-03-13 20:32:32] 创建备份：/root/.openclaw/backups/workspace-backup-20260313-203232.tar.gz (1.1M)
[2026-03-13 20:32:32] 工作报告已生成：/root/.openclaw/workspace/memory/last-git-report.md
[2026-03-13 20:32:32] 任务执行完成
[2026-03-14 02:32:32] 开始执行 Git 自动提交和备份任务
[2026-03-14 02:32:33] 推送失败（可能需要配置远程仓库）
[2026-03-14 02:32:33] 已提交 47 个文件：自动提交 2026-03-14 02:32:32 (47 个文件)
[2026-03-14 02:32:33] 创建备份：/root/.openclaw/backups/workspace-backup-20260314-023233.tar.gz (1.1M)
[2026-03-14 02:32:33] 工作报告已生成：/root/.openclaw/workspace/memory/last-git-report.md
[2026-03-14 02:32:33] 任务执行完成
[2026-03-14 08:32:32] 开始执行 Git 自动提交和备份任务
[2026-03-14 08:32:32] 推送失败（可能需要配置远程仓库）
[2026-03-14 08:32:32] 已提交 47 个文件：自动提交 2026-03-14 08:32:32 (47 个文件)
[2026-03-14 08:32:32] 创建备份：/root/.openclaw/backups/workspace-backup-20260314-083232.tar.gz (1.1M)
[2026-03-14 08:32:32] 工作报告已生成：/root/.openclaw/workspace/memory/last-git-report.md
[2026-03-14 08:32:32] 任务执行完成
[2026-03-14 14:32:32] 开始执行 Git 自动提交和备份任务
[2026-03-14 14:32:32] 推送失败（可能需要配置远程仓库）
[2026-03-14 14:32:32] 已提交 47 个文件：自动提交 2026-03-14 14:32:32 (47 个文件)
[2026-03-14 14:32:32] 创建备份：/root/.openclaw/backups/workspace-backup-20260314-143232.tar.gz (1.1M)
[2026-03-14 14:32:32] 工作报告已生成：/root/.openclaw/workspace/memory/last-git-report.md
[2026-03-14 14:32:32] 任务执行完成
[2026-03-14 20:32:33] 开始执行 Git 自动提交和备份任务
[2026-03-14 20:32:33] 推送失败（可能需要配置远程仓库）
[2026-03-14 20:32:33] 已提交 47 个文件：自动提交 2026-03-14 20:32:33 (47 个文件)
[2026-03-14 20:32:34] 创建备份：/root/.openclaw/backups/workspace-backup-20260314-203233.tar.gz (1.1M)
[2026-03-14 20:32:34] 工作报告已生成：/root/.openclaw/workspace/memory/last-git-report.md
[2026-03-14 20:32:34] 任务执行完成
[2026-03-15 02:32:33] 开始执行 Git 自动提交和备份任务
[2026-03-15 02:32:33] 推送失败（可能需要配置远程仓库）
[2026-03-15 02:32:33] 已提交 47 个文件：自动提交 2026-03-15 02:32:33 (47 个文件)
[2026-03-15 02:32:33] 创建备份：/root/.openclaw/backups/workspace-backup-20260315-023233.tar.gz (1.1M)
[2026-03-15 02:32:33] 工作报告已生成：/root/.openclaw/workspace/memory/last-git-report.md
[2026-03-15 02:32:33] 任务执行完成
[2026-03-15 08:32:32] 开始执行 Git 自动提交和备份任务
[2026-03-15 08:32:32] 推送失败（可能需要配置远程仓库）
[2026-03-15 08:32:32] 已提交 47 个文件：自动提交 2026-03-15 08:32:32 (47 个文件)
[2026-03-15 08:32:32] 创建备份：/root/.openclaw/backups/workspace-backup-20260315-083232.tar.gz (1.1M)
[2026-03-15 08:32:32] 工作报告已生成：/root/.openclaw/workspace/memory/last-git-report.md
[2026-03-15 08:32:32] 任务执行完成
[2026-03-15 14:32:32] 开始执行 Git 自动提交和备份任务
[2026-03-15 14:32:32] 推送失败（可能需要配置远程仓库）
[2026-03-15 14:32:32] 已提交 49 个文件：自动提交 2026-03-15 14:32:32 (49 个文件)
[2026-03-15 14:32:32] 创建备份：/root/.openclaw/backups/workspace-backup-20260315-143232.tar.gz (1.3M)
[2026-03-15 14:32:32] 工作报告已生成：/root/.openclaw/workspace/memory/last-git-report.md
[2026-03-15 14:32:32] 任务执行完成
[2026-03-15 20:32:32] 开始执行 Git 自动提交和备份任务
[2026-03-16 02:32:32] 开始执行 Git 自动提交和备份任务
[2026-03-16 02:32:41] 推送失败（可能需要配置远程仓库）
[2026-03-16 02:32:41] 已提交 2 个文件：自动提交 2026-03-16 02:32:32 (2 个文件)
[2026-03-16 02:32:41] 创建备份：/root/.openclaw/backups/workspace-backup-20260316-023241.tar.gz (980K)
[2026-03-16 02:32:41] 工作报告已生成：/root/.openclaw/workspace/memory/last-git-report.md
[2026-03-16 02:32:41] 任务执行完成
[2026-03-16 08:32:31] 开始执行 Git 自动提交和备份任务
[2026-03-16 08:33:29] 开始执行 Git 自动提交和备份任务
[2026-03-16 14:32:32] 开始执行 Git 自动提交和备份任务
[2026-03-16 14:32:42] 推送失败（可能需要配置远程仓库）
[2026-03-16 14:32:42] 已提交 3 个文件：自动提交 2026-03-16 14:32:32 (3 个文件)
[2026-03-16 14:32:42] 创建备份：/root/.openclaw/backups/workspace-backup-20260316-143242.tar.gz (980K)
[2026-03-16 14:32:42] 工作报告已生成：/root/.openclaw/workspace/memory/last-git-report.md
[2026-03-16 14:32:42] 任务执行完成
[2026-03-16 20:32:32] 开始执行 Git 自动提交和备份任务
[2026-03-17 02:32:32] 开始执行 Git 自动提交和备份任务
[2026-03-17 02:32:41] 推送失败（可能需要配置远程仓库）
[2026-03-17 02:32:41] 已提交 3 个文件：自动提交 2026-03-17 02:32:32 (3 个文件)
[2026-03-17 02:32:41] 创建备份：/root/.openclaw/backups/workspace-backup-20260317-023241.tar.gz (980K)
[2026-03-17 02:32:41] 工作报告已生成：/root/.openclaw/workspace/memory/last-git-report.md
[2026-03-17 02:32:41] 任务执行完成
[2026-03-17 08:32:31] 开始执行 Git 自动提交和备份任务
[2026-03-17 08:32:40] 推送失败（可能需要配置远程仓库）
[2026-03-17 08:32:40] 已提交 4 个文件：自动提交 2026-03-17 08:32:31 (4 个文件)
[2026-03-17 08:32:40] 创建备份：/root/.openclaw/backups/workspace-backup-20260317-083240.tar.gz (984K)
[2026-03-17 08:32:40] 工作报告已生成：/root/.openclaw/workspace/memory/last-git-report.md
[2026-03-17 08:32:40] 任务执行完成
[2026-03-17 14:32:33] 开始执行 Git 自动提交和备份任务
